<?xml version="1.0" encoding="UTF-8"?>
<!-- Generated by org.testng.reporters.JUnitReportReporter -->
<testsuite hostname="LAPTOP-58RNUS7D" failures="0" tests="2" name="Testpkg.Saucetest" time="4.726" errors="0" timestamp="2024-09-30T16:54:06 IST" skipped="0">
  <testcase classname="Testpkg.Saucetest" name="test" time="2.131"/>
  <system-out/>
  <testcase classname="Testpkg.Saucetest" name="verifyloginwithcred" time="2.595"/>
  <system-out/>
</testsuite> <!-- Testpkg.Saucetest -->
